TpTrace Verbose: 0 : 9568, 1, 2023/04/18, 15:14:59.529, 4228988998865, datacollector.dll, Version: 17.5.0-release-20221220-01
TpTrace Information: 0 : 9568, 1, 2023/04/18, 15:14:59.533, 4228989044981, datacollector.dll, DataCollectorMain.Run: Starting data collector run with args: --port,62641,--parentprocessid,1944,--diag,C:\Users\raddk\source\repos\Team-Bandits\SeleniumExersice1\URLshortner\bin\Debug\net6.0\fine-code-coverage\coverage-tool-output\diagnostics.datacollector.23-04-18_15-14-59_36979_1.log,--tracelevel,4
TpTrace Information: 0 : 9568, 1, 2023/04/18, 15:14:59.534, 4228989046584, datacollector.dll, DataCollector: Monitoring parent process with id: '1944'
TpTrace Information: 0 : 9568, 1, 2023/04/18, 15:14:59.538, 4228989094456, datacollector.dll, Trying to connect to server on socket : 127.0.0.1:62641 
TpTrace Verbose: 0 : 9568, 1, 2023/04/18, 15:14:59.549, 4228989197354, datacollector.dll, SocketCommunicationManager : SetupClientAsync : Attempting to connect to the server.
TpTrace Information: 0 : 9568, 9, 2023/04/18, 15:14:59.559, 4228989303643, datacollector.dll, Connected to the server successfully 
TpTrace Information: 0 : 9568, 9, 2023/04/18, 15:14:59.559, 4228989304906, datacollector.dll, Using the buffer size of 16384 bytes
TpTrace Information: 0 : 9568, 1, 2023/04/18, 15:14:59.657, 4228990276947, datacollector.dll, DataCollector: Start Request Processing.
TpTrace Verbose: 0 : 9568, 1, 2023/04/18, 15:14:59.657, 4228990280237, datacollector.dll, SocketCommunicationManager.WaitForServerConnection took: 0 ms, with 90000 ms timeout, and finished with True.
TpTrace Information: 0 : 9568, 1, 2023/04/18, 15:14:59.658, 4228990286687, datacollector.dll, DataCollectionRequestHandler.ProcessRequests: Datacollector received message: (DataCollection.BeforeTestRunStart) -> {"MessageType":"DataCollection.BeforeTestRunStart","Payload":{"SettingsXml":"<RunSettings><RunConfiguration><ResultsDirectory>C:\\Users\\raddk\\source\\repos\\Team-Bandits\\SeleniumExersice1\\URLshortner\\bin\\Debug\\net6.0\\fine-code-coverage\\coverage-tool-output</ResultsDirectory><TargetPlatform>X64</TargetPlatform><TargetFrameworkVersion>.NETCoreApp,Version=v6.0</TargetFrameworkVersion><DesignMode>False</DesignMode><CollectSourceInformation>False</CollectSourceInformation><TestAdaptersPaths>C:\\Program Files\\dotnet\\sdk\\7.0.202\\Extensions</TestAdaptersPaths></RunConfiguration><LoggerRunSettings><Loggers><Logger friendlyName=\"blame\" enabled=\"True\" /><Logger friendlyName=\"Console\" uri=\"logger://microsoft/TestPlatform/ConsoleLogger/v1\" assemblyQualifiedName=\"Microsoft.VisualStudio.TestPlatform.CommandLine.Internal.ConsoleLogger, vstest.console, Version=15.0.0.0, Culture=neutral, PublicKeyToken=b03f5f7f11d50a3a\" codeBase=\"C:\\Program Files\\dotnet\\sdk\\7.0.202\\vstest.console.dll\" enabled=\"True\" /></Loggers></LoggerRunSettings><DataCollectionRunSettings><DataCollectors><DataCollector friendlyName=\"blame\" enabled=\"True\"><Configuration><ResultsDirectory>C:\\Users\\raddk\\source\\repos\\Team-Bandits\\SeleniumExersice1\\URLshortner\\bin\\Debug\\net6.0\\fine-code-coverage\\coverage-tool-output</ResultsDirectory></Configuration></DataCollector></DataCollectors></DataCollectionRunSettings></RunSettings>","Sources":["C:\\Users\\raddk\\source\\repos\\Team-Bandits\\SeleniumExersice1\\URLshortner\\bin\\Debug\\net6.0\\fine-code-coverage\\build-output\\URLshortner.dll"],"IsTelemetryOptedIn":false}}
TpTrace Verbose: 0 : 9568, 1, 2023/04/18, 15:14:59.703, 4228990742499, datacollector.dll, TestPluginCache: Update extensions started. Skip filter = False
TpTrace Verbose: 0 : 9568, 1, 2023/04/18, 15:14:59.704, 4228990751561, datacollector.dll, TestPluginCache: Using directories for assembly resolution 'C:\Program Files\dotnet\sdk\7.0.202\Extensions'.
TpTrace Verbose: 0 : 9568, 1, 2023/04/18, 15:14:59.704, 4228990752449, datacollector.dll, TestPluginCache: Updated the available extensions to 'C:\Program Files\dotnet\sdk\7.0.202\Extensions\Microsoft.TestPlatform.Extensions.BlameDataCollector.dll,C:\Program Files\dotnet\sdk\7.0.202\Extensions\Microsoft.TestPlatform.Extensions.EventLogCollector.dll'.
TpTrace Verbose: 0 : 9568, 1, 2023/04/18, 15:14:59.711, 4228990825575, datacollector.dll, TestPluginCache.DiscoverTestExtensions: finding test extensions in assemblies ends with: Collector.dll TPluginInfo: Microsoft.VisualStudio.TestPlatform.Common.DataCollector.DataCollectorConfig TExtension: Microsoft.VisualStudio.TestPlatform.ObjectModel.DataCollection.DataCollector
TpTrace Verbose: 0 : 9568, 1, 2023/04/18, 15:14:59.713, 4228990839300, datacollector.dll, TestPluginCache.GetExtensionPaths: Filtered extension paths: C:\Program Files\dotnet\sdk\7.0.202\Extensions\Microsoft.TestPlatform.Extensions.BlameDataCollector.dll
C:\Program Files\dotnet\sdk\7.0.202\Extensions\Microsoft.TestPlatform.Extensions.EventLogCollector.dll
TpTrace Verbose: 0 : 9568, 1, 2023/04/18, 15:14:59.713, 4228990841529, datacollector.dll, TestPluginCache.GetExtensionPaths: Added default extension paths: 
TpTrace Verbose: 0 : 9568, 1, 2023/04/18, 15:14:59.713, 4228990842136, datacollector.dll, TestPluginCache.GetExtensionPaths: Added unfilterableExtensionPaths: 
TpTrace Information: 0 : 9568, 1, 2023/04/18, 15:14:59.714, 4228990851273, datacollector.dll, AssemblyResolver.ctor: Creating AssemblyResolver with searchDirectories C:\Program Files\dotnet\sdk\7.0.202\Extensions,C:\Program Files\dotnet\sdk\7.0.202
TpTrace Verbose: 0 : 9568, 1, 2023/04/18, 15:14:59.715, 4228990860604, datacollector.dll, TestPluginCache.DiscoverTestExtensions: Discovering the extensions using extension path.
TpTrace Verbose: 0 : 9568, 1, 2023/04/18, 15:14:59.715, 4228990862462, datacollector.dll, TestPluginCache.GetExtensionPaths: Filtered extension paths: C:\Program Files\dotnet\sdk\7.0.202\Extensions\Microsoft.TestPlatform.Extensions.BlameDataCollector.dll
C:\Program Files\dotnet\sdk\7.0.202\Extensions\Microsoft.TestPlatform.Extensions.EventLogCollector.dll
TpTrace Verbose: 0 : 9568, 1, 2023/04/18, 15:14:59.715, 4228990863024, datacollector.dll, TestPluginCache.GetExtensionPaths: Added default extension paths: 
TpTrace Verbose: 0 : 9568, 1, 2023/04/18, 15:14:59.715, 4228990863583, datacollector.dll, TestPluginCache.GetExtensionPaths: Added unfilterableExtensionPaths: 
TpTrace Verbose: 0 : 9568, 1, 2023/04/18, 15:14:59.715, 4228990864252, datacollector.dll, TestPluginCache.DiscoverTestExtensions: Discovering the extensions using allExtensionPaths: C:\Program Files\dotnet\sdk\7.0.202\Extensions\Microsoft.TestPlatform.Extensions.BlameDataCollector.dll
C:\Program Files\dotnet\sdk\7.0.202\Extensions\Microsoft.TestPlatform.Extensions.EventLogCollector.dll
TpTrace Information: 0 : 9568, 1, 2023/04/18, 15:14:59.715, 4228990865794, datacollector.dll, AssemblyResolver.AddSearchDirectories: Adding more searchDirectories C:\Program Files\dotnet\sdk\7.0.202\Extensions,C:\Program Files\dotnet\sdk\7.0.202
TpTrace Information: 0 : 9568, 1, 2023/04/18, 15:14:59.716, 4228990866693, datacollector.dll, AssemblyResolver.AddSearchDirectories: Adding more searchDirectories C:\Program Files\dotnet\sdk\7.0.202\Extensions,C:\Program Files\dotnet\sdk\7.0.202
TpTrace Information: 0 : 9568, 1, 2023/04/18, 15:14:59.716, 4228990872959, datacollector.dll, AssemblyResolver.OnResolve: Microsoft.TestPlatform.Extensions.BlameDataCollector: Resolving assembly.
TpTrace Information: 0 : 9568, 1, 2023/04/18, 15:14:59.716, 4228990875768, datacollector.dll, AssemblyResolver.OnResolve: Microsoft.TestPlatform.Extensions.BlameDataCollector: Searching in: 'C:\Program Files\dotnet\sdk\7.0.202\Extensions'.
TpTrace Information: 0 : 9568, 1, 2023/04/18, 15:14:59.725, 4228990962496, datacollector.dll, AssemblyResolver.OnResolve: Microsoft.TestPlatform.Extensions.BlameDataCollector: Loading assembly 'C:\Program Files\dotnet\sdk\7.0.202\Extensions\Microsoft.TestPlatform.Extensions.BlameDataCollector.dll'.
TpTrace Information: 0 : 9568, 1, 2023/04/18, 15:14:59.726, 4228990969162, datacollector.dll, AssemblyResolver.OnResolve: Resolved assembly: Microsoft.TestPlatform.Extensions.BlameDataCollector, from path: C:\Program Files\dotnet\sdk\7.0.202\Extensions\Microsoft.TestPlatform.Extensions.BlameDataCollector.dll
TpTrace Verbose: 0 : 9568, 1, 2023/04/18, 15:14:59.727, 4228990978901, datacollector.dll, MetadataReaderExtensionsHelper: Discovering extensions inside assembly 'Microsoft.TestPlatform.Extensions.BlameDataCollector, Version=15.0.0.0, Culture=neutral, PublicKeyToken=b03f5f7f11d50a3a' file path 'C:\Program Files\dotnet\sdk\7.0.202\Extensions\Microsoft.TestPlatform.Extensions.BlameDataCollector.dll'
TpTrace Error: 0 : 9568, 1, 2023/04/18, 15:14:59.747, 4228991183505, datacollector.dll, The type "Microsoft.TestPlatform.Extensions.BlameDataCollector.BlameCollector" defined in "Microsoft.TestPlatform.Extensions.BlameDataCollector.dll" does not have ExtensionUri attribute.
TpTrace Information: 0 : 9568, 1, 2023/04/18, 15:14:59.748, 4228991193615, datacollector.dll, GetTestExtensionFromType: Register extension with identifier data 'datacollector://microsoft/TestPlatform/Extensions/Blame/v1' and type 'Microsoft.TestPlatform.Extensions.BlameDataCollector.BlameCollector, Microsoft.TestPlatform.Extensions.BlameDataCollector, Version=15.0.0.0, Culture=neutral, PublicKeyToken=b03f5f7f11d50a3a' inside file 'C:\Program Files\dotnet\sdk\7.0.202\Extensions\Microsoft.TestPlatform.Extensions.BlameDataCollector.dll'
TpTrace Information: 0 : 9568, 1, 2023/04/18, 15:14:59.748, 4228991194914, datacollector.dll, AssemblyResolver.OnResolve: Microsoft.TestPlatform.Extensions.EventLogCollector: Resolving assembly.
TpTrace Information: 0 : 9568, 1, 2023/04/18, 15:14:59.748, 4228991195640, datacollector.dll, AssemblyResolver.OnResolve: Microsoft.TestPlatform.Extensions.EventLogCollector: Searching in: 'C:\Program Files\dotnet\sdk\7.0.202\Extensions'.
TpTrace Information: 0 : 9568, 1, 2023/04/18, 15:14:59.756, 4228991272743, datacollector.dll, AssemblyResolver.OnResolve: Microsoft.TestPlatform.Extensions.EventLogCollector: Loading assembly 'C:\Program Files\dotnet\sdk\7.0.202\Extensions\Microsoft.TestPlatform.Extensions.EventLogCollector.dll'.
TpTrace Information: 0 : 9568, 1, 2023/04/18, 15:14:59.757, 4228991279014, datacollector.dll, AssemblyResolver.OnResolve: Resolved assembly: Microsoft.TestPlatform.Extensions.EventLogCollector, from path: C:\Program Files\dotnet\sdk\7.0.202\Extensions\Microsoft.TestPlatform.Extensions.EventLogCollector.dll
TpTrace Verbose: 0 : 9568, 1, 2023/04/18, 15:14:59.757, 4228991280373, datacollector.dll, MetadataReaderExtensionsHelper: Discovering extensions inside assembly 'Microsoft.TestPlatform.Extensions.EventLogCollector, Version=15.0.0.0, Culture=neutral, PublicKeyToken=b03f5f7f11d50a3a' file path 'C:\Program Files\dotnet\sdk\7.0.202\Extensions\Microsoft.TestPlatform.Extensions.EventLogCollector.dll'
TpTrace Error: 0 : 9568, 1, 2023/04/18, 15:14:59.760, 4228991308828, datacollector.dll, The type "Microsoft.TestPlatform.Extensions.EventLogCollector.EventLogDataCollector" defined in "Microsoft.TestPlatform.Extensions.EventLogCollector.dll" does not have ExtensionUri attribute.
TpTrace Information: 0 : 9568, 1, 2023/04/18, 15:14:59.760, 4228991311843, datacollector.dll, GetTestExtensionFromType: Register extension with identifier data 'datacollector://microsoft/EventLog/2.0' and type 'Microsoft.TestPlatform.Extensions.EventLogCollector.EventLogDataCollector, Microsoft.TestPlatform.Extensions.EventLogCollector, Version=15.0.0.0, Culture=neutral, PublicKeyToken=b03f5f7f11d50a3a' inside file 'C:\Program Files\dotnet\sdk\7.0.202\Extensions\Microsoft.TestPlatform.Extensions.EventLogCollector.dll'
TpTrace Verbose: 0 : 9568, 1, 2023/04/18, 15:14:59.761, 4228991323546, datacollector.dll, TestPluginCache: Discovered the extensions using extension path 'C:\Program Files\dotnet\sdk\7.0.202\Extensions\Microsoft.TestPlatform.Extensions.BlameDataCollector.dll,C:\Program Files\dotnet\sdk\7.0.202\Extensions\Microsoft.TestPlatform.Extensions.EventLogCollector.dll'.
TpTrace Verbose: 0 : 9568, 1, 2023/04/18, 15:14:59.761, 4228991325159, datacollector.dll, TestPluginCache: Discoverers are ''.
TpTrace Verbose: 0 : 9568, 1, 2023/04/18, 15:14:59.761, 4228991325891, datacollector.dll, TestPluginCache: Executors are ''.
TpTrace Verbose: 0 : 9568, 1, 2023/04/18, 15:14:59.762, 4228991327820, datacollector.dll, TestPluginCache: Executors2 are ''.
TpTrace Verbose: 0 : 9568, 1, 2023/04/18, 15:14:59.762, 4228991329897, datacollector.dll, TestPluginCache: Setting providers are ''.
TpTrace Verbose: 0 : 9568, 1, 2023/04/18, 15:14:59.762, 4228991331193, datacollector.dll, TestPluginCache: Loggers are ''.
TpTrace Verbose: 0 : 9568, 1, 2023/04/18, 15:14:59.762, 4228991332362, datacollector.dll, TestPluginCache: TestHosts are ''.
TpTrace Verbose: 0 : 9568, 1, 2023/04/18, 15:14:59.763, 4228991336543, datacollector.dll, TestPluginCache: DataCollectors are 'datacollector://microsoft/TestPlatform/Extensions/Blame/v1,datacollector://microsoft/EventLog/2.0'.
TpTrace Information: 0 : 9568, 1, 2023/04/18, 15:14:59.767, 4228991386417, datacollector.dll, TestPluginManager.CreateTestExtension: Attempting to load test extension: Microsoft.TestPlatform.Extensions.BlameDataCollector.BlameCollector
TpTrace Information: 0 : 9568, 1, 2023/04/18, 15:14:59.775, 4228991458565, datacollector.dll, [MonitorPostmortemDump]Monitor enabled: 'False'
TpTrace Verbose: 0 : 9568, 1, 2023/04/18, 15:14:59.777, 4228991479154, datacollector.dll, MulticastDelegateUtilities.SafeInvoke: DataCollectionEvents.SessionStart: Invoking callbacks was skipped because there are no subscribers.
TpTrace Information: 0 : 9568, 1, 2023/04/18, 15:14:59.777, 4228991486237, datacollector.dll, Listening on Endpoint : 127.0.0.1:62643
TpTrace Information: 0 : 9568, 1, 2023/04/18, 15:14:59.794, 4228991651777, datacollector.dll, DataCollectionRequestHandler.ProcessRequests : DataCollection started.
TpTrace Information: 0 : 9568, 1, 2023/04/18, 15:14:59.879, 4228992500258, datacollector.dll, DataCollectionRequestHandler.ProcessRequests: Datacollector received message: (DataCollection.TestHostLaunched) -> {"MessageType":"DataCollection.TestHostLaunched","Payload":{"ProcessId":3628}}
TpTrace Verbose: 0 : 9568, 1, 2023/04/18, 15:14:59.882, 4228992535606, datacollector.dll, MulticastDelegateUtilities.SafeInvoke: DataCollectionEvents.TestHostLaunched: Invoking callback 1/1 for Microsoft.TestPlatform.Extensions.BlameDataCollector.BlameCollector., took 0 ms.
TpTrace Information: 0 : 9568, 10, 2023/04/18, 15:15:00.600, 4228999707517, datacollector.dll, Using the buffer size of 16384 bytes
TpTrace Information: 0 : 9568, 10, 2023/04/18, 15:15:00.600, 4228999709326, datacollector.dll, Accepted Client request and set the flag
TpTrace Verbose: 0 : 9568, 9, 2023/04/18, 15:15:00.600, 4228999707710, datacollector.dll, SocketCommunicationManager.WaitForClientConnection took: 813 ms, with 90000 ms timeout, and finished with True.
TpTrace Information: 0 : 9568, 9, 2023/04/18, 15:15:01.629, 4229010000769, datacollector.dll, DataCollectionTestCaseEventHandler: Test case starting.
TpTrace Information: 0 : 9568, 9, 2023/04/18, 15:15:01.653, 4229010238807, datacollector.dll, BlameCollector.EventsTestCaseStart: Test Case Start
TpTrace Verbose: 0 : 9568, 9, 2023/04/18, 15:15:01.653, 4229010241291, datacollector.dll, MulticastDelegateUtilities.SafeInvoke: DataCollectionEvents.TestCaseStart: Invoking callback 1/1 for Microsoft.TestPlatform.Extensions.BlameDataCollector.BlameCollector., took 0 ms.
TpTrace Information: 0 : 9568, 9, 2023/04/18, 15:15:01.654, 4229010247509, datacollector.dll, DataCollectionTestCaseEventHandler: Test case 'PageTitleValidation - a317d626-bd0c-aacb-8d34-f19f3755a9e2' started.
TpTrace Information: 0 : 9568, 9, 2023/04/18, 15:15:04.861, 4229042325958, datacollector.dll, DataCollectionTestCaseEventHandler: Test case completing.
TpTrace Information: 0 : 9568, 9, 2023/04/18, 15:15:04.870, 4229042409936, datacollector.dll, BlameCollector.EventsTestCaseEnd: Test Case End
TpTrace Verbose: 0 : 9568, 9, 2023/04/18, 15:15:04.871, 4229042417204, datacollector.dll, MulticastDelegateUtilities.SafeInvoke: DataCollectionEvents.TestCaseEnd: Invoking callback 1/1 for Microsoft.TestPlatform.Extensions.BlameDataCollector.BlameCollector., took 0 ms.
TpTrace Information: 0 : 9568, 9, 2023/04/18, 15:15:04.875, 4229042465605, datacollector.dll, DataCollectionTestCaseEventHandler: Test case 'PageTitleValidation - a317d626-bd0c-aacb-8d34-f19f3755a9e2' completed
TpTrace Information: 0 : 9568, 9, 2023/04/18, 15:15:04.902, 4229042733345, datacollector.dll, DataCollectionTestCaseEventHandler: Test case starting.
TpTrace Information: 0 : 9568, 9, 2023/04/18, 15:15:04.904, 4229042749796, datacollector.dll, BlameCollector.EventsTestCaseStart: Test Case Start
TpTrace Verbose: 0 : 9568, 9, 2023/04/18, 15:15:04.904, 4229042752072, datacollector.dll, MulticastDelegateUtilities.SafeInvoke: DataCollectionEvents.TestCaseStart: Invoking callback 1/1 for Microsoft.TestPlatform.Extensions.BlameDataCollector.BlameCollector., took 0 ms.
TpTrace Information: 0 : 9568, 9, 2023/04/18, 15:15:04.905, 4229042765386, datacollector.dll, DataCollectionTestCaseEventHandler: Test case 'UrlValidation - 0676dcda-6160-b148-a072-6e22d48375e3' started.
TpTrace Information: 0 : 9568, 9, 2023/04/18, 15:15:09.319, 4229086906396, datacollector.dll, DataCollectionTestCaseEventHandler: Test case completing.
TpTrace Information: 0 : 9568, 9, 2023/04/18, 15:15:09.322, 4229086926819, datacollector.dll, BlameCollector.EventsTestCaseEnd: Test Case End
TpTrace Verbose: 0 : 9568, 9, 2023/04/18, 15:15:09.322, 4229086928891, datacollector.dll, MulticastDelegateUtilities.SafeInvoke: DataCollectionEvents.TestCaseEnd: Invoking callback 1/1 for Microsoft.TestPlatform.Extensions.BlameDataCollector.BlameCollector., took 0 ms.
TpTrace Information: 0 : 9568, 9, 2023/04/18, 15:15:09.322, 4229086935777, datacollector.dll, DataCollectionTestCaseEventHandler: Test case 'UrlValidation - 0676dcda-6160-b148-a072-6e22d48375e3' completed
TpTrace Information: 0 : 9568, 9, 2023/04/18, 15:15:09.341, 4229087125475, datacollector.dll, DataCollectionTestCaseEventHandler: Test session ended
TpTrace Information: 0 : 9568, 1, 2023/04/18, 15:15:09.383, 4229087545379, datacollector.dll, DataCollectionRequestHandler.ProcessRequests: Datacollector received message: (DataCollection.AfterTestRunEnd) -> {"MessageType":"DataCollection.AfterTestRunEnd","Payload":false}
TpTrace Information: 0 : 9568, 1, 2023/04/18, 15:15:09.385, 4229087566339, datacollector.dll, Blame Collector: Session End
TpTrace Information: 0 : 9568, 1, 2023/04/18, 15:15:09.386, 4229087568108, datacollector.dll, BlameCollector.CollectDumpAndAbortTesthost: Custom path to dump directory was provided via VSTEST_DUMP_PATH. Skipping attachment upload, the caller is responsible for collecting and uploading the dumps themselves.
TpTrace Verbose: 0 : 9568, 1, 2023/04/18, 15:15:09.386, 4229087569187, datacollector.dll, MulticastDelegateUtilities.SafeInvoke: DataCollectionEvents.SessionEnd: Invoking callback 1/1 for Microsoft.TestPlatform.Extensions.BlameDataCollector.BlameCollector., took 0 ms.
TpTrace Information: 0 : 9568, 1, 2023/04/18, 15:15:09.388, 4229087589470, datacollector.dll, DataCollectionManager.CleanupPlugins: CleanupPlugins called
TpTrace Verbose: 0 : 9568, 1, 2023/04/18, 15:15:09.388, 4229087590318, datacollector.dll, DataCollectionManager.CleanupPlugins: Cleaning up 1 plugins
TpTrace Verbose: 0 : 9568, 1, 2023/04/18, 15:15:09.389, 4229087603905, datacollector.dll, dataCollectorInfo.DisposeDataCollector: calling Dispose() on Microsoft.TestPlatform.Extensions.BlameDataCollector.BlameCollector
TpTrace Information: 0 : 9568, 1, 2023/04/18, 15:15:09.389, 4229087606444, datacollector.dll, DataCollectionManager.CleanupPlugins: CleanupPlugins finished
TpTrace Information: 0 : 9568, 1, 2023/04/18, 15:15:09.400, 4229087709152, datacollector.dll, DataCollectionRequestHandler.ProcessRequests : Session End message received from server. Closing the connection.
TpTrace Information: 0 : 9568, 1, 2023/04/18, 15:15:09.400, 4229087716241, datacollector.dll, Closing the connection !
TpTrace Information: 0 : 9568, 1, 2023/04/18, 15:15:09.401, 4229087717732, datacollector.dll, DataCollectionRequestHandler.ProcessRequests : DataCollection completed
TpTrace Information: 0 : 9568, 1, 2023/04/18, 15:15:09.401, 4229087718513, datacollector.dll, Program.Main: exiting datacollector process.
