TpTrace Verbose: 0 : 13928, 1, 2023/04/18, 15:17:06.386, 4230257567807, datacollector.dll, Version: 17.5.0-release-20221220-01
TpTrace Information: 0 : 13928, 1, 2023/04/18, 15:17:06.393, 4230257637396, datacollector.dll, DataCollectorMain.Run: Starting data collector run with args: --port,62747,--parentprocessid,15428,--diag,C:\Users\raddk\source\repos\Team-Bandits\SeleniumExersice1\SeleniumExersice1\bin\Debug\net6.0\fine-code-coverage\coverage-tool-output\diagnostics.datacollector.23-04-18_15-17-06_18461_1.log,--tracelevel,4
TpTrace Information: 0 : 13928, 1, 2023/04/18, 15:17:06.393, 4230257643712, datacollector.dll, DataCollector: Monitoring parent process with id: '15428'
TpTrace Information: 0 : 13928, 1, 2023/04/18, 15:17:06.399, 4230257703100, datacollector.dll, Trying to connect to server on socket : 127.0.0.1:62747 
TpTrace Verbose: 0 : 13928, 1, 2023/04/18, 15:17:06.412, 4230257835031, datacollector.dll, SocketCommunicationManager : SetupClientAsync : Attempting to connect to the server.
TpTrace Information: 0 : 13928, 6, 2023/04/18, 15:17:06.424, 4230257953100, datacollector.dll, Connected to the server successfully 
TpTrace Information: 0 : 13928, 6, 2023/04/18, 15:17:06.425, 4230257960447, datacollector.dll, Using the buffer size of 16384 bytes
TpTrace Information: 0 : 13928, 1, 2023/04/18, 15:17:06.548, 4230259190100, datacollector.dll, DataCollector: Start Request Processing.
TpTrace Verbose: 0 : 13928, 1, 2023/04/18, 15:17:06.548, 4230259192828, datacollector.dll, SocketCommunicationManager.WaitForServerConnection took: 0 ms, with 90000 ms timeout, and finished with True.
TpTrace Information: 0 : 13928, 1, 2023/04/18, 15:17:06.548, 4230259196174, datacollector.dll, DataCollectionRequestHandler.ProcessRequests: Datacollector received message: (DataCollection.BeforeTestRunStart) -> {"MessageType":"DataCollection.BeforeTestRunStart","Payload":{"SettingsXml":"<RunSettings><RunConfiguration><ResultsDirectory>C:\\Users\\raddk\\source\\repos\\Team-Bandits\\SeleniumExersice1\\SeleniumExersice1\\bin\\Debug\\net6.0\\fine-code-coverage\\coverage-tool-output</ResultsDirectory><TargetPlatform>X64</TargetPlatform><TargetFrameworkVersion>.NETCoreApp,Version=v6.0</TargetFrameworkVersion><DesignMode>False</DesignMode><CollectSourceInformation>False</CollectSourceInformation><TestAdaptersPaths>C:\\Program Files\\dotnet\\sdk\\7.0.202\\Extensions</TestAdaptersPaths></RunConfiguration><LoggerRunSettings><Loggers><Logger friendlyName=\"blame\" enabled=\"True\" /><Logger friendlyName=\"Console\" uri=\"logger://microsoft/TestPlatform/ConsoleLogger/v1\" assemblyQualifiedName=\"Microsoft.VisualStudio.TestPlatform.CommandLine.Internal.ConsoleLogger, vstest.console, Version=15.0.0.0, Culture=neutral, PublicKeyToken=b03f5f7f11d50a3a\" codeBase=\"C:\\Program Files\\dotnet\\sdk\\7.0.202\\vstest.console.dll\" enabled=\"True\" /></Loggers></LoggerRunSettings><DataCollectionRunSettings><DataCollectors><DataCollector friendlyName=\"blame\" enabled=\"True\"><Configuration><ResultsDirectory>C:\\Users\\raddk\\source\\repos\\Team-Bandits\\SeleniumExersice1\\SeleniumExersice1\\bin\\Debug\\net6.0\\fine-code-coverage\\coverage-tool-output</ResultsDirectory></Configuration></DataCollector></DataCollectors></DataCollectionRunSettings></RunSettings>","Sources":["C:\\Users\\raddk\\source\\repos\\Team-Bandits\\SeleniumExersice1\\SeleniumExersice1\\bin\\Debug\\net6.0\\fine-code-coverage\\build-output\\SeleniumExersice1.dll"],"IsTelemetryOptedIn":false}}
TpTrace Verbose: 0 : 13928, 1, 2023/04/18, 15:17:06.594, 4230259651296, datacollector.dll, TestPluginCache: Update extensions started. Skip filter = False
TpTrace Verbose: 0 : 13928, 1, 2023/04/18, 15:17:06.595, 4230259661052, datacollector.dll, TestPluginCache: Using directories for assembly resolution 'C:\Program Files\dotnet\sdk\7.0.202\Extensions'.
TpTrace Verbose: 0 : 13928, 1, 2023/04/18, 15:17:06.595, 4230259662361, datacollector.dll, TestPluginCache: Updated the available extensions to 'C:\Program Files\dotnet\sdk\7.0.202\Extensions\Microsoft.TestPlatform.Extensions.BlameDataCollector.dll,C:\Program Files\dotnet\sdk\7.0.202\Extensions\Microsoft.TestPlatform.Extensions.EventLogCollector.dll'.
TpTrace Verbose: 0 : 13928, 1, 2023/04/18, 15:17:06.602, 4230259733626, datacollector.dll, TestPluginCache.DiscoverTestExtensions: finding test extensions in assemblies ends with: Collector.dll TPluginInfo: Microsoft.VisualStudio.TestPlatform.Common.DataCollector.DataCollectorConfig TExtension: Microsoft.VisualStudio.TestPlatform.ObjectModel.DataCollection.DataCollector
TpTrace Verbose: 0 : 13928, 1, 2023/04/18, 15:17:06.603, 4230259745909, datacollector.dll, TestPluginCache.GetExtensionPaths: Filtered extension paths: C:\Program Files\dotnet\sdk\7.0.202\Extensions\Microsoft.TestPlatform.Extensions.BlameDataCollector.dll
C:\Program Files\dotnet\sdk\7.0.202\Extensions\Microsoft.TestPlatform.Extensions.EventLogCollector.dll
TpTrace Verbose: 0 : 13928, 1, 2023/04/18, 15:17:06.604, 4230259746670, datacollector.dll, TestPluginCache.GetExtensionPaths: Added default extension paths: 
TpTrace Verbose: 0 : 13928, 1, 2023/04/18, 15:17:06.604, 4230259747111, datacollector.dll, TestPluginCache.GetExtensionPaths: Added unfilterableExtensionPaths: 
TpTrace Information: 0 : 13928, 1, 2023/04/18, 15:17:06.604, 4230259753801, datacollector.dll, AssemblyResolver.ctor: Creating AssemblyResolver with searchDirectories C:\Program Files\dotnet\sdk\7.0.202\Extensions,C:\Program Files\dotnet\sdk\7.0.202
TpTrace Verbose: 0 : 13928, 1, 2023/04/18, 15:17:06.605, 4230259762473, datacollector.dll, TestPluginCache.DiscoverTestExtensions: Discovering the extensions using extension path.
TpTrace Verbose: 0 : 13928, 1, 2023/04/18, 15:17:06.605, 4230259764287, datacollector.dll, TestPluginCache.GetExtensionPaths: Filtered extension paths: C:\Program Files\dotnet\sdk\7.0.202\Extensions\Microsoft.TestPlatform.Extensions.BlameDataCollector.dll
C:\Program Files\dotnet\sdk\7.0.202\Extensions\Microsoft.TestPlatform.Extensions.EventLogCollector.dll
TpTrace Verbose: 0 : 13928, 1, 2023/04/18, 15:17:06.605, 4230259764838, datacollector.dll, TestPluginCache.GetExtensionPaths: Added default extension paths: 
TpTrace Verbose: 0 : 13928, 1, 2023/04/18, 15:17:06.605, 4230259765266, datacollector.dll, TestPluginCache.GetExtensionPaths: Added unfilterableExtensionPaths: 
TpTrace Verbose: 0 : 13928, 1, 2023/04/18, 15:17:06.605, 4230259765977, datacollector.dll, TestPluginCache.DiscoverTestExtensions: Discovering the extensions using allExtensionPaths: C:\Program Files\dotnet\sdk\7.0.202\Extensions\Microsoft.TestPlatform.Extensions.BlameDataCollector.dll
C:\Program Files\dotnet\sdk\7.0.202\Extensions\Microsoft.TestPlatform.Extensions.EventLogCollector.dll
TpTrace Information: 0 : 13928, 1, 2023/04/18, 15:17:06.606, 4230259767459, datacollector.dll, AssemblyResolver.AddSearchDirectories: Adding more searchDirectories C:\Program Files\dotnet\sdk\7.0.202\Extensions,C:\Program Files\dotnet\sdk\7.0.202
TpTrace Information: 0 : 13928, 1, 2023/04/18, 15:17:06.606, 4230259768309, datacollector.dll, AssemblyResolver.AddSearchDirectories: Adding more searchDirectories C:\Program Files\dotnet\sdk\7.0.202\Extensions,C:\Program Files\dotnet\sdk\7.0.202
TpTrace Information: 0 : 13928, 1, 2023/04/18, 15:17:06.606, 4230259772858, datacollector.dll, AssemblyResolver.OnResolve: Microsoft.TestPlatform.Extensions.BlameDataCollector: Resolving assembly.
TpTrace Information: 0 : 13928, 1, 2023/04/18, 15:17:06.606, 4230259773857, datacollector.dll, AssemblyResolver.OnResolve: Microsoft.TestPlatform.Extensions.BlameDataCollector: Searching in: 'C:\Program Files\dotnet\sdk\7.0.202\Extensions'.
TpTrace Information: 0 : 13928, 1, 2023/04/18, 15:17:06.615, 4230259863047, datacollector.dll, AssemblyResolver.OnResolve: Microsoft.TestPlatform.Extensions.BlameDataCollector: Loading assembly 'C:\Program Files\dotnet\sdk\7.0.202\Extensions\Microsoft.TestPlatform.Extensions.BlameDataCollector.dll'.
TpTrace Information: 0 : 13928, 1, 2023/04/18, 15:17:06.616, 4230259869783, datacollector.dll, AssemblyResolver.OnResolve: Resolved assembly: Microsoft.TestPlatform.Extensions.BlameDataCollector, from path: C:\Program Files\dotnet\sdk\7.0.202\Extensions\Microsoft.TestPlatform.Extensions.BlameDataCollector.dll
TpTrace Verbose: 0 : 13928, 1, 2023/04/18, 15:17:06.617, 4230259879823, datacollector.dll, MetadataReaderExtensionsHelper: Discovering extensions inside assembly 'Microsoft.TestPlatform.Extensions.BlameDataCollector, Version=15.0.0.0, Culture=neutral, PublicKeyToken=b03f5f7f11d50a3a' file path 'C:\Program Files\dotnet\sdk\7.0.202\Extensions\Microsoft.TestPlatform.Extensions.BlameDataCollector.dll'
TpTrace Error: 0 : 13928, 1, 2023/04/18, 15:17:06.620, 4230259909386, datacollector.dll, The type "Microsoft.TestPlatform.Extensions.BlameDataCollector.BlameCollector" defined in "Microsoft.TestPlatform.Extensions.BlameDataCollector.dll" does not have ExtensionUri attribute.
TpTrace Information: 0 : 13928, 1, 2023/04/18, 15:17:06.621, 4230259918376, datacollector.dll, GetTestExtensionFromType: Register extension with identifier data 'datacollector://microsoft/TestPlatform/Extensions/Blame/v1' and type 'Microsoft.TestPlatform.Extensions.BlameDataCollector.BlameCollector, Microsoft.TestPlatform.Extensions.BlameDataCollector, Version=15.0.0.0, Culture=neutral, PublicKeyToken=b03f5f7f11d50a3a' inside file 'C:\Program Files\dotnet\sdk\7.0.202\Extensions\Microsoft.TestPlatform.Extensions.BlameDataCollector.dll'
TpTrace Information: 0 : 13928, 1, 2023/04/18, 15:17:06.621, 4230259919629, datacollector.dll, AssemblyResolver.OnResolve: Microsoft.TestPlatform.Extensions.EventLogCollector: Resolving assembly.
TpTrace Information: 0 : 13928, 1, 2023/04/18, 15:17:06.621, 4230259920300, datacollector.dll, AssemblyResolver.OnResolve: Microsoft.TestPlatform.Extensions.EventLogCollector: Searching in: 'C:\Program Files\dotnet\sdk\7.0.202\Extensions'.
TpTrace Information: 0 : 13928, 1, 2023/04/18, 15:17:06.621, 4230259924890, datacollector.dll, AssemblyResolver.OnResolve: Microsoft.TestPlatform.Extensions.EventLogCollector: Loading assembly 'C:\Program Files\dotnet\sdk\7.0.202\Extensions\Microsoft.TestPlatform.Extensions.EventLogCollector.dll'.
TpTrace Information: 0 : 13928, 1, 2023/04/18, 15:17:06.622, 4230259929345, datacollector.dll, AssemblyResolver.OnResolve: Resolved assembly: Microsoft.TestPlatform.Extensions.EventLogCollector, from path: C:\Program Files\dotnet\sdk\7.0.202\Extensions\Microsoft.TestPlatform.Extensions.EventLogCollector.dll
TpTrace Verbose: 0 : 13928, 1, 2023/04/18, 15:17:06.622, 4230259930189, datacollector.dll, MetadataReaderExtensionsHelper: Discovering extensions inside assembly 'Microsoft.TestPlatform.Extensions.EventLogCollector, Version=15.0.0.0, Culture=neutral, PublicKeyToken=b03f5f7f11d50a3a' file path 'C:\Program Files\dotnet\sdk\7.0.202\Extensions\Microsoft.TestPlatform.Extensions.EventLogCollector.dll'
TpTrace Error: 0 : 13928, 1, 2023/04/18, 15:17:06.624, 4230259956324, datacollector.dll, The type "Microsoft.TestPlatform.Extensions.EventLogCollector.EventLogDataCollector" defined in "Microsoft.TestPlatform.Extensions.EventLogCollector.dll" does not have ExtensionUri attribute.
TpTrace Information: 0 : 13928, 1, 2023/04/18, 15:17:06.628, 4230259996393, datacollector.dll, GetTestExtensionFromType: Register extension with identifier data 'datacollector://microsoft/EventLog/2.0' and type 'Microsoft.TestPlatform.Extensions.EventLogCollector.EventLogDataCollector, Microsoft.TestPlatform.Extensions.EventLogCollector, Version=15.0.0.0, Culture=neutral, PublicKeyToken=b03f5f7f11d50a3a' inside file 'C:\Program Files\dotnet\sdk\7.0.202\Extensions\Microsoft.TestPlatform.Extensions.EventLogCollector.dll'
TpTrace Verbose: 0 : 13928, 1, 2023/04/18, 15:17:06.630, 4230260008690, datacollector.dll, TestPluginCache: Discovered the extensions using extension path 'C:\Program Files\dotnet\sdk\7.0.202\Extensions\Microsoft.TestPlatform.Extensions.BlameDataCollector.dll,C:\Program Files\dotnet\sdk\7.0.202\Extensions\Microsoft.TestPlatform.Extensions.EventLogCollector.dll'.
TpTrace Verbose: 0 : 13928, 1, 2023/04/18, 15:17:06.630, 4230260009945, datacollector.dll, TestPluginCache: Discoverers are ''.
TpTrace Verbose: 0 : 13928, 1, 2023/04/18, 15:17:06.630, 4230260010441, datacollector.dll, TestPluginCache: Executors are ''.
TpTrace Verbose: 0 : 13928, 1, 2023/04/18, 15:17:06.630, 4230260010911, datacollector.dll, TestPluginCache: Executors2 are ''.
TpTrace Verbose: 0 : 13928, 1, 2023/04/18, 15:17:06.630, 4230260011535, datacollector.dll, TestPluginCache: Setting providers are ''.
TpTrace Verbose: 0 : 13928, 1, 2023/04/18, 15:17:06.630, 4230260012119, datacollector.dll, TestPluginCache: Loggers are ''.
TpTrace Verbose: 0 : 13928, 1, 2023/04/18, 15:17:06.630, 4230260012591, datacollector.dll, TestPluginCache: TestHosts are ''.
TpTrace Verbose: 0 : 13928, 1, 2023/04/18, 15:17:06.630, 4230260014830, datacollector.dll, TestPluginCache: DataCollectors are 'datacollector://microsoft/TestPlatform/Extensions/Blame/v1,datacollector://microsoft/EventLog/2.0'.
TpTrace Information: 0 : 13928, 1, 2023/04/18, 15:17:06.635, 4230260060263, datacollector.dll, TestPluginManager.CreateTestExtension: Attempting to load test extension: Microsoft.TestPlatform.Extensions.BlameDataCollector.BlameCollector
TpTrace Information: 0 : 13928, 1, 2023/04/18, 15:17:06.641, 4230260123097, datacollector.dll, [MonitorPostmortemDump]Monitor enabled: 'False'
TpTrace Verbose: 0 : 13928, 1, 2023/04/18, 15:17:06.644, 4230260148898, datacollector.dll, MulticastDelegateUtilities.SafeInvoke: DataCollectionEvents.SessionStart: Invoking callbacks was skipped because there are no subscribers.
TpTrace Information: 0 : 13928, 1, 2023/04/18, 15:17:06.644, 4230260154074, datacollector.dll, Listening on Endpoint : 127.0.0.1:62749
TpTrace Information: 0 : 13928, 1, 2023/04/18, 15:17:06.658, 4230260292132, datacollector.dll, DataCollectionRequestHandler.ProcessRequests : DataCollection started.
TpTrace Information: 0 : 13928, 1, 2023/04/18, 15:17:06.680, 4230260515952, datacollector.dll, DataCollectionRequestHandler.ProcessRequests: Datacollector received message: (DataCollection.TestHostLaunched) -> {"MessageType":"DataCollection.TestHostLaunched","Payload":{"ProcessId":11360}}
TpTrace Verbose: 0 : 13928, 1, 2023/04/18, 15:17:06.684, 4230260547967, datacollector.dll, MulticastDelegateUtilities.SafeInvoke: DataCollectionEvents.TestHostLaunched: Invoking callback 1/1 for Microsoft.TestPlatform.Extensions.BlameDataCollector.BlameCollector., took 0 ms.
TpTrace Information: 0 : 13928, 9, 2023/04/18, 15:17:07.114, 4230264849139, datacollector.dll, Using the buffer size of 16384 bytes
TpTrace Verbose: 0 : 13928, 8, 2023/04/18, 15:17:07.114, 4230264849250, datacollector.dll, SocketCommunicationManager.WaitForClientConnection took: 463 ms, with 90000 ms timeout, and finished with True.
TpTrace Information: 0 : 13928, 9, 2023/04/18, 15:17:07.114, 4230264850557, datacollector.dll, Accepted Client request and set the flag
TpTrace Information: 0 : 13928, 8, 2023/04/18, 15:17:08.439, 4230278104450, datacollector.dll, DataCollectionTestCaseEventHandler: Test case starting.
TpTrace Information: 0 : 13928, 8, 2023/04/18, 15:17:08.464, 4230278350748, datacollector.dll, BlameCollector.EventsTestCaseStart: Test Case Start
TpTrace Verbose: 0 : 13928, 8, 2023/04/18, 15:17:08.464, 4230278356105, datacollector.dll, MulticastDelegateUtilities.SafeInvoke: DataCollectionEvents.TestCaseStart: Invoking callback 1/1 for Microsoft.TestPlatform.Extensions.BlameDataCollector.BlameCollector., took 0 ms.
TpTrace Information: 0 : 13928, 8, 2023/04/18, 15:17:08.465, 4230278360546, datacollector.dll, DataCollectionTestCaseEventHandler: Test case 'SearchingWikipedia - f02d089f-bff0-deae-e0d4-38cd7c83c531' started.
TpTrace Information: 0 : 13928, 8, 2023/04/18, 15:17:18.821, 4230381918640, datacollector.dll, DataCollectionTestCaseEventHandler: Test case completing.
TpTrace Information: 0 : 13928, 8, 2023/04/18, 15:17:18.826, 4230381976214, datacollector.dll, BlameCollector.EventsTestCaseEnd: Test Case End
TpTrace Verbose: 0 : 13928, 8, 2023/04/18, 15:17:18.827, 4230381979215, datacollector.dll, MulticastDelegateUtilities.SafeInvoke: DataCollectionEvents.TestCaseEnd: Invoking callback 1/1 for Microsoft.TestPlatform.Extensions.BlameDataCollector.BlameCollector., took 0 ms.
TpTrace Information: 0 : 13928, 8, 2023/04/18, 15:17:18.831, 4230382018662, datacollector.dll, DataCollectionTestCaseEventHandler: Test case 'SearchingWikipedia - f02d089f-bff0-deae-e0d4-38cd7c83c531' completed
TpTrace Information: 0 : 13928, 8, 2023/04/18, 15:17:18.866, 4230382368099, datacollector.dll, DataCollectionTestCaseEventHandler: Test case starting.
TpTrace Information: 0 : 13928, 8, 2023/04/18, 15:17:18.867, 4230382380974, datacollector.dll, BlameCollector.EventsTestCaseStart: Test Case Start
TpTrace Verbose: 0 : 13928, 8, 2023/04/18, 15:17:18.867, 4230382382528, datacollector.dll, MulticastDelegateUtilities.SafeInvoke: DataCollectionEvents.TestCaseStart: Invoking callback 1/1 for Microsoft.TestPlatform.Extensions.BlameDataCollector.BlameCollector., took 0 ms.
TpTrace Information: 0 : 13928, 8, 2023/04/18, 15:17:18.868, 4230382392784, datacollector.dll, DataCollectionTestCaseEventHandler: Test case 'ResetButtonValidation - 8cfd7da8-21aa-5d33-e484-dba0033c2b7e' started.
TpTrace Information: 0 : 13928, 8, 2023/04/18, 15:17:21.724, 4230410949675, datacollector.dll, DataCollectionTestCaseEventHandler: Test case completing.
TpTrace Information: 0 : 13928, 8, 2023/04/18, 15:17:21.726, 4230410967053, datacollector.dll, BlameCollector.EventsTestCaseEnd: Test Case End
TpTrace Verbose: 0 : 13928, 8, 2023/04/18, 15:17:21.726, 4230410969159, datacollector.dll, MulticastDelegateUtilities.SafeInvoke: DataCollectionEvents.TestCaseEnd: Invoking callback 1/1 for Microsoft.TestPlatform.Extensions.BlameDataCollector.BlameCollector., took 0 ms.
TpTrace Information: 0 : 13928, 8, 2023/04/18, 15:17:21.727, 4230410980324, datacollector.dll, DataCollectionTestCaseEventHandler: Test case 'ResetButtonValidation - 8cfd7da8-21aa-5d33-e484-dba0033c2b7e' completed
TpTrace Information: 0 : 13928, 8, 2023/04/18, 15:17:21.730, 4230411007976, datacollector.dll, DataCollectionTestCaseEventHandler: Test case starting.
TpTrace Information: 0 : 13928, 8, 2023/04/18, 15:17:21.730, 4230411013909, datacollector.dll, BlameCollector.EventsTestCaseStart: Test Case Start
TpTrace Verbose: 0 : 13928, 8, 2023/04/18, 15:17:21.730, 4230411015350, datacollector.dll, MulticastDelegateUtilities.SafeInvoke: DataCollectionEvents.TestCaseStart: Invoking callback 1/1 for Microsoft.TestPlatform.Extensions.BlameDataCollector.BlameCollector., took 0 ms.
TpTrace Information: 0 : 13928, 8, 2023/04/18, 15:17:21.731, 4230411018293, datacollector.dll, DataCollectionTestCaseEventHandler: Test case 'TestInvalidInput - 6a9330ca-904b-1fbd-0abf-f266083633cb' started.
TpTrace Information: 0 : 13928, 8, 2023/04/18, 15:17:24.473, 4230438446355, datacollector.dll, DataCollectionTestCaseEventHandler: Test case completing.
TpTrace Information: 0 : 13928, 8, 2023/04/18, 15:17:24.475, 4230438457313, datacollector.dll, BlameCollector.EventsTestCaseEnd: Test Case End
TpTrace Verbose: 0 : 13928, 8, 2023/04/18, 15:17:24.475, 4230438458792, datacollector.dll, MulticastDelegateUtilities.SafeInvoke: DataCollectionEvents.TestCaseEnd: Invoking callback 1/1 for Microsoft.TestPlatform.Extensions.BlameDataCollector.BlameCollector., took 0 ms.
TpTrace Information: 0 : 13928, 8, 2023/04/18, 15:17:24.475, 4230438461971, datacollector.dll, DataCollectionTestCaseEventHandler: Test case 'TestInvalidInput - 6a9330ca-904b-1fbd-0abf-f266083633cb' completed
TpTrace Information: 0 : 13928, 8, 2023/04/18, 15:17:24.477, 4230438478817, datacollector.dll, DataCollectionTestCaseEventHandler: Test case starting.
TpTrace Information: 0 : 13928, 8, 2023/04/18, 15:17:24.481, 4230438524630, datacollector.dll, BlameCollector.EventsTestCaseStart: Test Case Start
TpTrace Verbose: 0 : 13928, 8, 2023/04/18, 15:17:24.482, 4230438526963, datacollector.dll, MulticastDelegateUtilities.SafeInvoke: DataCollectionEvents.TestCaseStart: Invoking callback 1/1 for Microsoft.TestPlatform.Extensions.BlameDataCollector.BlameCollector., took 0 ms.
TpTrace Information: 0 : 13928, 8, 2023/04/18, 15:17:24.482, 4230438531790, datacollector.dll, DataCollectionTestCaseEventHandler: Test case 'TestWithTwoPositiveNumbers - f0ba839c-7746-479d-111f-c5b4ccdf9ab7' started.
TpTrace Information: 0 : 13928, 8, 2023/04/18, 15:17:28.173, 4230475443916, datacollector.dll, DataCollectionTestCaseEventHandler: Test case completing.
TpTrace Information: 0 : 13928, 8, 2023/04/18, 15:17:28.174, 4230475448774, datacollector.dll, BlameCollector.EventsTestCaseEnd: Test Case End
TpTrace Verbose: 0 : 13928, 8, 2023/04/18, 15:17:28.174, 4230475449784, datacollector.dll, MulticastDelegateUtilities.SafeInvoke: DataCollectionEvents.TestCaseEnd: Invoking callback 1/1 for Microsoft.TestPlatform.Extensions.BlameDataCollector.BlameCollector., took 0 ms.
TpTrace Information: 0 : 13928, 8, 2023/04/18, 15:17:28.174, 4230475452285, datacollector.dll, DataCollectionTestCaseEventHandler: Test case 'TestWithTwoPositiveNumbers - f0ba839c-7746-479d-111f-c5b4ccdf9ab7' completed
TpTrace Information: 0 : 13928, 8, 2023/04/18, 15:17:28.188, 4230475587662, datacollector.dll, DataCollectionTestCaseEventHandler: Test session ended
TpTrace Information: 0 : 13928, 1, 2023/04/18, 15:17:28.280, 4230476514959, datacollector.dll, DataCollectionRequestHandler.ProcessRequests: Datacollector received message: (DataCollection.AfterTestRunEnd) -> {"MessageType":"DataCollection.AfterTestRunEnd","Payload":false}
TpTrace Information: 0 : 13928, 1, 2023/04/18, 15:17:28.282, 4230476533599, datacollector.dll, Blame Collector: Session End
TpTrace Information: 0 : 13928, 1, 2023/04/18, 15:17:28.282, 4230476534715, datacollector.dll, BlameCollector.CollectDumpAndAbortTesthost: Custom path to dump directory was provided via VSTEST_DUMP_PATH. Skipping attachment upload, the caller is responsible for collecting and uploading the dumps themselves.
TpTrace Verbose: 0 : 13928, 1, 2023/04/18, 15:17:28.282, 4230476535601, datacollector.dll, MulticastDelegateUtilities.SafeInvoke: DataCollectionEvents.SessionEnd: Invoking callback 1/1 for Microsoft.TestPlatform.Extensions.BlameDataCollector.BlameCollector., took 0 ms.
TpTrace Information: 0 : 13928, 1, 2023/04/18, 15:17:28.284, 4230476554605, datacollector.dll, DataCollectionManager.CleanupPlugins: CleanupPlugins called
TpTrace Verbose: 0 : 13928, 1, 2023/04/18, 15:17:28.284, 4230476555279, datacollector.dll, DataCollectionManager.CleanupPlugins: Cleaning up 1 plugins
TpTrace Verbose: 0 : 13928, 1, 2023/04/18, 15:17:28.286, 4230476567703, datacollector.dll, dataCollectorInfo.DisposeDataCollector: calling Dispose() on Microsoft.TestPlatform.Extensions.BlameDataCollector.BlameCollector
TpTrace Information: 0 : 13928, 1, 2023/04/18, 15:17:28.286, 4230476569006, datacollector.dll, DataCollectionManager.CleanupPlugins: CleanupPlugins finished
TpTrace Information: 0 : 13928, 1, 2023/04/18, 15:17:28.292, 4230476631582, datacollector.dll, DataCollectionRequestHandler.ProcessRequests : Session End message received from server. Closing the connection.
TpTrace Information: 0 : 13928, 1, 2023/04/18, 15:17:28.293, 4230476639403, datacollector.dll, Closing the connection !
TpTrace Information: 0 : 13928, 1, 2023/04/18, 15:17:28.293, 4230476640631, datacollector.dll, DataCollectionRequestHandler.ProcessRequests : DataCollection completed
TpTrace Information: 0 : 13928, 1, 2023/04/18, 15:17:28.293, 4230476641204, datacollector.dll, Program.Main: exiting datacollector process.
