TpTrace Verbose: 0 : 332, 1, 2023/04/18, 15:15:11.066, 4229104376505, datacollector.dll, Version: 17.5.0-release-20221220-01
TpTrace Information: 0 : 332, 1, 2023/04/18, 15:15:11.071, 4229104422971, datacollector.dll, DataCollectorMain.Run: Starting data collector run with args: --port,62675,--parentprocessid,15928,--diag,C:\Users\raddk\source\repos\Team-Bandits\SeleniumExersice1\DDT Sumator\bin\Debug\net6.0\fine-code-coverage\coverage-tool-output\diagnostics.datacollector.23-04-18_15-15-10_91236_1.log,--tracelevel,4
TpTrace Information: 0 : 332, 1, 2023/04/18, 15:15:11.071, 4229104424400, datacollector.dll, DataCollector: Monitoring parent process with id: '15928'
TpTrace Information: 0 : 332, 1, 2023/04/18, 15:15:11.076, 4229104470864, datacollector.dll, Trying to connect to server on socket : 127.0.0.1:62675 
TpTrace Verbose: 0 : 332, 1, 2023/04/18, 15:15:11.086, 4229104574467, datacollector.dll, SocketCommunicationManager : SetupClientAsync : Attempting to connect to the server.
TpTrace Information: 0 : 332, 6, 2023/04/18, 15:15:11.096, 4229104670877, datacollector.dll, Connected to the server successfully 
TpTrace Information: 0 : 332, 6, 2023/04/18, 15:15:11.096, 4229104672737, datacollector.dll, Using the buffer size of 16384 bytes
TpTrace Information: 0 : 332, 1, 2023/04/18, 15:15:11.205, 4229105758945, datacollector.dll, DataCollector: Start Request Processing.
TpTrace Verbose: 0 : 332, 1, 2023/04/18, 15:15:11.205, 4229105762962, datacollector.dll, SocketCommunicationManager.WaitForServerConnection took: 0 ms, with 90000 ms timeout, and finished with True.
TpTrace Information: 0 : 332, 1, 2023/04/18, 15:15:11.206, 4229105771657, datacollector.dll, DataCollectionRequestHandler.ProcessRequests: Datacollector received message: (DataCollection.BeforeTestRunStart) -> {"MessageType":"DataCollection.BeforeTestRunStart","Payload":{"SettingsXml":"<RunSettings><RunConfiguration><ResultsDirectory>C:\\Users\\raddk\\source\\repos\\Team-Bandits\\SeleniumExersice1\\DDT Sumator\\bin\\Debug\\net6.0\\fine-code-coverage\\coverage-tool-output</ResultsDirectory><TargetPlatform>X64</TargetPlatform><TargetFrameworkVersion>.NETCoreApp,Version=v6.0</TargetFrameworkVersion><DesignMode>False</DesignMode><CollectSourceInformation>False</CollectSourceInformation><TestAdaptersPaths>C:\\Program Files\\dotnet\\sdk\\7.0.202\\Extensions</TestAdaptersPaths></RunConfiguration><LoggerRunSettings><Loggers><Logger friendlyName=\"blame\" enabled=\"True\" /><Logger friendlyName=\"Console\" uri=\"logger://microsoft/TestPlatform/ConsoleLogger/v1\" assemblyQualifiedName=\"Microsoft.VisualStudio.TestPlatform.CommandLine.Internal.ConsoleLogger, vstest.console, Version=15.0.0.0, Culture=neutral, PublicKeyToken=b03f5f7f11d50a3a\" codeBase=\"C:\\Program Files\\dotnet\\sdk\\7.0.202\\vstest.console.dll\" enabled=\"True\" /></Loggers></LoggerRunSettings><DataCollectionRunSettings><DataCollectors><DataCollector friendlyName=\"blame\" enabled=\"True\"><Configuration><ResultsDirectory>C:\\Users\\raddk\\source\\repos\\Team-Bandits\\SeleniumExersice1\\DDT Sumator\\bin\\Debug\\net6.0\\fine-code-coverage\\coverage-tool-output</ResultsDirectory></Configuration></DataCollector></DataCollectors></DataCollectionRunSettings></RunSettings>","Sources":["C:\\Users\\raddk\\source\\repos\\Team-Bandits\\SeleniumExersice1\\DDT Sumator\\bin\\Debug\\net6.0\\fine-code-coverage\\build-output\\DDT Sumator.dll"],"IsTelemetryOptedIn":false}}
TpTrace Verbose: 0 : 332, 1, 2023/04/18, 15:15:11.275, 4229106456814, datacollector.dll, TestPluginCache: Update extensions started. Skip filter = False
TpTrace Verbose: 0 : 332, 1, 2023/04/18, 15:15:11.276, 4229106470305, datacollector.dll, TestPluginCache: Using directories for assembly resolution 'C:\Program Files\dotnet\sdk\7.0.202\Extensions'.
TpTrace Verbose: 0 : 332, 1, 2023/04/18, 15:15:11.276, 4229106471843, datacollector.dll, TestPluginCache: Updated the available extensions to 'C:\Program Files\dotnet\sdk\7.0.202\Extensions\Microsoft.TestPlatform.Extensions.BlameDataCollector.dll,C:\Program Files\dotnet\sdk\7.0.202\Extensions\Microsoft.TestPlatform.Extensions.EventLogCollector.dll'.
TpTrace Verbose: 0 : 332, 1, 2023/04/18, 15:15:11.287, 4229106581034, datacollector.dll, TestPluginCache.DiscoverTestExtensions: finding test extensions in assemblies ends with: Collector.dll TPluginInfo: Microsoft.VisualStudio.TestPlatform.Common.DataCollector.DataCollectorConfig TExtension: Microsoft.VisualStudio.TestPlatform.ObjectModel.DataCollection.DataCollector
TpTrace Verbose: 0 : 332, 1, 2023/04/18, 15:15:11.289, 4229106604530, datacollector.dll, TestPluginCache.GetExtensionPaths: Filtered extension paths: C:\Program Files\dotnet\sdk\7.0.202\Extensions\Microsoft.TestPlatform.Extensions.BlameDataCollector.dll
C:\Program Files\dotnet\sdk\7.0.202\Extensions\Microsoft.TestPlatform.Extensions.EventLogCollector.dll
TpTrace Verbose: 0 : 332, 1, 2023/04/18, 15:15:11.289, 4229106606281, datacollector.dll, TestPluginCache.GetExtensionPaths: Added default extension paths: 
TpTrace Verbose: 0 : 332, 1, 2023/04/18, 15:15:11.290, 4229106607016, datacollector.dll, TestPluginCache.GetExtensionPaths: Added unfilterableExtensionPaths: 
TpTrace Information: 0 : 332, 1, 2023/04/18, 15:15:11.292, 4229106626732, datacollector.dll, AssemblyResolver.ctor: Creating AssemblyResolver with searchDirectories C:\Program Files\dotnet\sdk\7.0.202\Extensions,C:\Program Files\dotnet\sdk\7.0.202
TpTrace Verbose: 0 : 332, 1, 2023/04/18, 15:15:11.293, 4229106645560, datacollector.dll, TestPluginCache.DiscoverTestExtensions: Discovering the extensions using extension path.
TpTrace Verbose: 0 : 332, 1, 2023/04/18, 15:15:11.294, 4229106647918, datacollector.dll, TestPluginCache.GetExtensionPaths: Filtered extension paths: C:\Program Files\dotnet\sdk\7.0.202\Extensions\Microsoft.TestPlatform.Extensions.BlameDataCollector.dll
C:\Program Files\dotnet\sdk\7.0.202\Extensions\Microsoft.TestPlatform.Extensions.EventLogCollector.dll
TpTrace Verbose: 0 : 332, 1, 2023/04/18, 15:15:11.294, 4229106648597, datacollector.dll, TestPluginCache.GetExtensionPaths: Added default extension paths: 
TpTrace Verbose: 0 : 332, 1, 2023/04/18, 15:15:11.294, 4229106649023, datacollector.dll, TestPluginCache.GetExtensionPaths: Added unfilterableExtensionPaths: 
TpTrace Verbose: 0 : 332, 1, 2023/04/18, 15:15:11.294, 4229106649671, datacollector.dll, TestPluginCache.DiscoverTestExtensions: Discovering the extensions using allExtensionPaths: C:\Program Files\dotnet\sdk\7.0.202\Extensions\Microsoft.TestPlatform.Extensions.BlameDataCollector.dll
C:\Program Files\dotnet\sdk\7.0.202\Extensions\Microsoft.TestPlatform.Extensions.EventLogCollector.dll
TpTrace Information: 0 : 332, 1, 2023/04/18, 15:15:11.294, 4229106651476, datacollector.dll, AssemblyResolver.AddSearchDirectories: Adding more searchDirectories C:\Program Files\dotnet\sdk\7.0.202\Extensions,C:\Program Files\dotnet\sdk\7.0.202
TpTrace Information: 0 : 332, 1, 2023/04/18, 15:15:11.294, 4229106652420, datacollector.dll, AssemblyResolver.AddSearchDirectories: Adding more searchDirectories C:\Program Files\dotnet\sdk\7.0.202\Extensions,C:\Program Files\dotnet\sdk\7.0.202
TpTrace Information: 0 : 332, 1, 2023/04/18, 15:15:11.295, 4229106657217, datacollector.dll, AssemblyResolver.OnResolve: Microsoft.TestPlatform.Extensions.BlameDataCollector: Resolving assembly.
TpTrace Information: 0 : 332, 1, 2023/04/18, 15:15:11.295, 4229106658288, datacollector.dll, AssemblyResolver.OnResolve: Microsoft.TestPlatform.Extensions.BlameDataCollector: Searching in: 'C:\Program Files\dotnet\sdk\7.0.202\Extensions'.
TpTrace Information: 0 : 332, 1, 2023/04/18, 15:15:11.302, 4229106732265, datacollector.dll, AssemblyResolver.OnResolve: Microsoft.TestPlatform.Extensions.BlameDataCollector: Loading assembly 'C:\Program Files\dotnet\sdk\7.0.202\Extensions\Microsoft.TestPlatform.Extensions.BlameDataCollector.dll'.
TpTrace Information: 0 : 332, 1, 2023/04/18, 15:15:11.303, 4229106738947, datacollector.dll, AssemblyResolver.OnResolve: Resolved assembly: Microsoft.TestPlatform.Extensions.BlameDataCollector, from path: C:\Program Files\dotnet\sdk\7.0.202\Extensions\Microsoft.TestPlatform.Extensions.BlameDataCollector.dll
TpTrace Verbose: 0 : 332, 1, 2023/04/18, 15:15:11.304, 4229106748432, datacollector.dll, MetadataReaderExtensionsHelper: Discovering extensions inside assembly 'Microsoft.TestPlatform.Extensions.BlameDataCollector, Version=15.0.0.0, Culture=neutral, PublicKeyToken=b03f5f7f11d50a3a' file path 'C:\Program Files\dotnet\sdk\7.0.202\Extensions\Microsoft.TestPlatform.Extensions.BlameDataCollector.dll'
TpTrace Error: 0 : 332, 1, 2023/04/18, 15:15:11.307, 4229106782043, datacollector.dll, The type "Microsoft.TestPlatform.Extensions.BlameDataCollector.BlameCollector" defined in "Microsoft.TestPlatform.Extensions.BlameDataCollector.dll" does not have ExtensionUri attribute.
TpTrace Information: 0 : 332, 1, 2023/04/18, 15:15:11.311, 4229106822321, datacollector.dll, GetTestExtensionFromType: Register extension with identifier data 'datacollector://microsoft/TestPlatform/Extensions/Blame/v1' and type 'Microsoft.TestPlatform.Extensions.BlameDataCollector.BlameCollector, Microsoft.TestPlatform.Extensions.BlameDataCollector, Version=15.0.0.0, Culture=neutral, PublicKeyToken=b03f5f7f11d50a3a' inside file 'C:\Program Files\dotnet\sdk\7.0.202\Extensions\Microsoft.TestPlatform.Extensions.BlameDataCollector.dll'
TpTrace Information: 0 : 332, 1, 2023/04/18, 15:15:11.311, 4229106824991, datacollector.dll, AssemblyResolver.OnResolve: Microsoft.TestPlatform.Extensions.EventLogCollector: Resolving assembly.
TpTrace Information: 0 : 332, 1, 2023/04/18, 15:15:11.311, 4229106825800, datacollector.dll, AssemblyResolver.OnResolve: Microsoft.TestPlatform.Extensions.EventLogCollector: Searching in: 'C:\Program Files\dotnet\sdk\7.0.202\Extensions'.
TpTrace Information: 0 : 332, 1, 2023/04/18, 15:15:11.312, 4229106831267, datacollector.dll, AssemblyResolver.OnResolve: Microsoft.TestPlatform.Extensions.EventLogCollector: Loading assembly 'C:\Program Files\dotnet\sdk\7.0.202\Extensions\Microsoft.TestPlatform.Extensions.EventLogCollector.dll'.
TpTrace Information: 0 : 332, 1, 2023/04/18, 15:15:11.313, 4229106836769, datacollector.dll, AssemblyResolver.OnResolve: Resolved assembly: Microsoft.TestPlatform.Extensions.EventLogCollector, from path: C:\Program Files\dotnet\sdk\7.0.202\Extensions\Microsoft.TestPlatform.Extensions.EventLogCollector.dll
TpTrace Verbose: 0 : 332, 1, 2023/04/18, 15:15:11.313, 4229106838248, datacollector.dll, MetadataReaderExtensionsHelper: Discovering extensions inside assembly 'Microsoft.TestPlatform.Extensions.EventLogCollector, Version=15.0.0.0, Culture=neutral, PublicKeyToken=b03f5f7f11d50a3a' file path 'C:\Program Files\dotnet\sdk\7.0.202\Extensions\Microsoft.TestPlatform.Extensions.EventLogCollector.dll'
TpTrace Error: 0 : 332, 1, 2023/04/18, 15:15:11.315, 4229106863981, datacollector.dll, The type "Microsoft.TestPlatform.Extensions.EventLogCollector.EventLogDataCollector" defined in "Microsoft.TestPlatform.Extensions.EventLogCollector.dll" does not have ExtensionUri attribute.
TpTrace Information: 0 : 332, 1, 2023/04/18, 15:15:11.316, 4229106866492, datacollector.dll, GetTestExtensionFromType: Register extension with identifier data 'datacollector://microsoft/EventLog/2.0' and type 'Microsoft.TestPlatform.Extensions.EventLogCollector.EventLogDataCollector, Microsoft.TestPlatform.Extensions.EventLogCollector, Version=15.0.0.0, Culture=neutral, PublicKeyToken=b03f5f7f11d50a3a' inside file 'C:\Program Files\dotnet\sdk\7.0.202\Extensions\Microsoft.TestPlatform.Extensions.EventLogCollector.dll'
TpTrace Verbose: 0 : 332, 1, 2023/04/18, 15:15:11.316, 4229106870943, datacollector.dll, TestPluginCache: Discovered the extensions using extension path 'C:\Program Files\dotnet\sdk\7.0.202\Extensions\Microsoft.TestPlatform.Extensions.BlameDataCollector.dll,C:\Program Files\dotnet\sdk\7.0.202\Extensions\Microsoft.TestPlatform.Extensions.EventLogCollector.dll'.
TpTrace Verbose: 0 : 332, 1, 2023/04/18, 15:15:11.316, 4229106871939, datacollector.dll, TestPluginCache: Discoverers are ''.
TpTrace Verbose: 0 : 332, 1, 2023/04/18, 15:15:11.316, 4229106872608, datacollector.dll, TestPluginCache: Executors are ''.
TpTrace Verbose: 0 : 332, 1, 2023/04/18, 15:15:11.316, 4229106873331, datacollector.dll, TestPluginCache: Executors2 are ''.
TpTrace Verbose: 0 : 332, 1, 2023/04/18, 15:15:11.316, 4229106873986, datacollector.dll, TestPluginCache: Setting providers are ''.
TpTrace Verbose: 0 : 332, 1, 2023/04/18, 15:15:11.316, 4229106874640, datacollector.dll, TestPluginCache: Loggers are ''.
TpTrace Verbose: 0 : 332, 1, 2023/04/18, 15:15:11.316, 4229106875280, datacollector.dll, TestPluginCache: TestHosts are ''.
TpTrace Verbose: 0 : 332, 1, 2023/04/18, 15:15:11.317, 4229106878407, datacollector.dll, TestPluginCache: DataCollectors are 'datacollector://microsoft/TestPlatform/Extensions/Blame/v1,datacollector://microsoft/EventLog/2.0'.
TpTrace Information: 0 : 332, 1, 2023/04/18, 15:15:11.319, 4229106904806, datacollector.dll, TestPluginManager.CreateTestExtension: Attempting to load test extension: Microsoft.TestPlatform.Extensions.BlameDataCollector.BlameCollector
TpTrace Information: 0 : 332, 1, 2023/04/18, 15:15:11.325, 4229106957924, datacollector.dll, [MonitorPostmortemDump]Monitor enabled: 'False'
TpTrace Verbose: 0 : 332, 1, 2023/04/18, 15:15:11.326, 4229106975249, datacollector.dll, MulticastDelegateUtilities.SafeInvoke: DataCollectionEvents.SessionStart: Invoking callbacks was skipped because there are no subscribers.
TpTrace Information: 0 : 332, 1, 2023/04/18, 15:15:11.327, 4229106983265, datacollector.dll, Listening on Endpoint : 127.0.0.1:62677
TpTrace Information: 0 : 332, 1, 2023/04/18, 15:15:11.339, 4229107104140, datacollector.dll, DataCollectionRequestHandler.ProcessRequests : DataCollection started.
TpTrace Information: 0 : 332, 1, 2023/04/18, 15:15:11.364, 4229107349995, datacollector.dll, DataCollectionRequestHandler.ProcessRequests: Datacollector received message: (DataCollection.TestHostLaunched) -> {"MessageType":"DataCollection.TestHostLaunched","Payload":{"ProcessId":11700}}
TpTrace Verbose: 0 : 332, 1, 2023/04/18, 15:15:11.366, 4229107376320, datacollector.dll, MulticastDelegateUtilities.SafeInvoke: DataCollectionEvents.TestHostLaunched: Invoking callback 1/1 for Microsoft.TestPlatform.Extensions.BlameDataCollector.BlameCollector., took 0 ms.
TpTrace Verbose: 0 : 332, 6, 2023/04/18, 15:15:11.638, 4229110091414, datacollector.dll, SocketCommunicationManager.WaitForClientConnection took: 306 ms, with 90000 ms timeout, and finished with True.
TpTrace Information: 0 : 332, 8, 2023/04/18, 15:15:11.638, 4229110091463, datacollector.dll, Using the buffer size of 16384 bytes
TpTrace Information: 0 : 332, 8, 2023/04/18, 15:15:11.638, 4229110093839, datacollector.dll, Accepted Client request and set the flag
TpTrace Information: 0 : 332, 6, 2023/04/18, 15:15:28.435, 4229278065451, datacollector.dll, DataCollectionTestCaseEventHandler: Test session ended
TpTrace Information: 0 : 332, 1, 2023/04/18, 15:15:28.470, 4229278414510, datacollector.dll, DataCollectionRequestHandler.ProcessRequests: Datacollector received message: (DataCollection.AfterTestRunEnd) -> {"MessageType":"DataCollection.AfterTestRunEnd","Payload":false}
TpTrace Information: 0 : 332, 1, 2023/04/18, 15:15:28.471, 4229278426243, datacollector.dll, Blame Collector: Session End
TpTrace Information: 0 : 332, 1, 2023/04/18, 15:15:28.472, 4229278427422, datacollector.dll, BlameCollector.CollectDumpAndAbortTesthost: Custom path to dump directory was provided via VSTEST_DUMP_PATH. Skipping attachment upload, the caller is responsible for collecting and uploading the dumps themselves.
TpTrace Verbose: 0 : 332, 1, 2023/04/18, 15:15:28.472, 4229278428352, datacollector.dll, MulticastDelegateUtilities.SafeInvoke: DataCollectionEvents.SessionEnd: Invoking callback 1/1 for Microsoft.TestPlatform.Extensions.BlameDataCollector.BlameCollector., took 0 ms.
TpTrace Information: 0 : 332, 1, 2023/04/18, 15:15:28.472, 4229278436261, datacollector.dll, DataCollectionManager.CleanupPlugins: CleanupPlugins called
TpTrace Verbose: 0 : 332, 1, 2023/04/18, 15:15:28.473, 4229278437081, datacollector.dll, DataCollectionManager.CleanupPlugins: Cleaning up 1 plugins
TpTrace Verbose: 0 : 332, 1, 2023/04/18, 15:15:28.473, 4229278439710, datacollector.dll, dataCollectorInfo.DisposeDataCollector: calling Dispose() on Microsoft.TestPlatform.Extensions.BlameDataCollector.BlameCollector
TpTrace Information: 0 : 332, 1, 2023/04/18, 15:15:28.473, 4229278440692, datacollector.dll, DataCollectionManager.CleanupPlugins: CleanupPlugins finished
TpTrace Information: 0 : 332, 1, 2023/04/18, 15:15:28.480, 4229278511338, datacollector.dll, DataCollectionRequestHandler.ProcessRequests : Session End message received from server. Closing the connection.
TpTrace Information: 0 : 332, 1, 2023/04/18, 15:15:28.480, 4229278515572, datacollector.dll, Closing the connection !
TpTrace Information: 0 : 332, 1, 2023/04/18, 15:15:28.480, 4229278516422, datacollector.dll, DataCollectionRequestHandler.ProcessRequests : DataCollection completed
TpTrace Information: 0 : 332, 1, 2023/04/18, 15:15:28.481, 4229278517000, datacollector.dll, Program.Main: exiting datacollector process.
